\BOOKMARK [1][-]{section.1}{\376\377\0001\000\040\000I\000n\000t\000r\000o\000d\000u\000\347\000\343\000o}{}% 1
\BOOKMARK [1][-]{section.2}{\376\377\0002\000\040\000M\000o\000d\000e\000l\000o\000s\000\040\000d\000e\000\040\000O\000n\000d\000a\000s\000\040\000O\000c\000e\000\342\000n\000i\000c\000a\000s}{}% 2
\BOOKMARK [2][-]{subsection.2.1}{\376\377\0002\000.\0001\000\040\000T\000e\000o\000r\000i\000a\000\040\000d\000e\000\040\000O\000n\000d\000a\000s\000\040\000L\000i\000n\000e\000a\000r\000e\000s}{section.2}% 3
\BOOKMARK [2][-]{subsection.2.2}{\376\377\0002\000.\0002\000\040\000O\000n\000d\000a\000s\000\040\000d\000e\000\040\000S\000t\000o\000k\000e\000s}{section.2}% 4
\BOOKMARK [2][-]{subsection.2.3}{\376\377\0002\000.\0003\000\040\000M\000o\000d\000e\000l\000o\000s\000\040\000E\000s\000t\000o\000c\000\341\000s\000t\000i\000c\000o\000s\000\040\000d\000e\000\040\000O\000n\000d\000a\000s}{section.2}% 5
\BOOKMARK [3][-]{subsubsection.2.3.1}{\376\377\0002\000.\0003\000.\0001\000\040\000E\000s\000p\000e\000c\000t\000r\000o\000\040\000d\000e\000\040\000P\000i\000e\000r\000s\000o\000n\000-\000M\000o\000s\000k\000o\000w\000i\000t\000z}{subsection.2.3}% 6
\BOOKMARK [3][-]{subsubsection.2.3.2}{\376\377\0002\000.\0003\000.\0002\000\040\000E\000s\000p\000e\000c\000t\000r\000o\000\040\000J\000O\000N\000S\000W\000A\000P}{subsection.2.3}% 7
\BOOKMARK [2][-]{subsection.2.4}{\376\377\0002\000.\0004\000\040\000M\000o\000d\000e\000l\000o\000s\000\040\000d\000e\000\040\000\301\000g\000u\000a\000s\000\040\000R\000a\000s\000a\000s\000\040\000\050\000E\000q\000u\000a\000\347\000\365\000e\000s\000\040\000d\000e\000\040\000B\000o\000u\000s\000s\000i\000n\000e\000s\000q\000\051}{section.2}% 8
\BOOKMARK [1][-]{section.3}{\376\377\0003\000\040\000T\000\351\000c\000n\000i\000c\000a\000s\000\040\000d\000e\000\040\000P\000e\000r\000c\000e\000\347\000\343\000o}{}% 9
\BOOKMARK [2][-]{subsection.3.1}{\376\377\0003\000.\0001\000\040\000R\000a\000d\000a\000r\000\040\000d\000e\000\040\000O\000n\000d\000a\000\040\000C\000o\000n\000t\000\355\000n\000u\000a\000\040\000M\000o\000d\000u\000l\000a\000d\000a\000\040\000p\000o\000r\000\040\000F\000r\000e\000q\000u\000\352\000n\000c\000i\000a\000\040\000\050\000F\000M\000C\000W\000\051}{section.3}% 10
\BOOKMARK [2][-]{subsection.3.2}{\376\377\0003\000.\0002\000\040\000L\000a\000s\000e\000r\000\040\000R\000a\000n\000g\000e\000f\000i\000n\000d\000i\000n\000g\000\040\000\050\000L\000i\000D\000A\000R\000\051}{section.3}% 11
\BOOKMARK [2][-]{subsection.3.3}{\376\377\0003\000.\0003\000\040\000C\000\342\000m\000a\000r\000a\000s\000\040\000\323\000t\000i\000c\000a\000s}{section.3}% 12
\BOOKMARK [2][-]{subsection.3.4}{\376\377\0003\000.\0004\000\040\000R\000a\000d\000a\000r\000e\000s\000\040\000M\000a\000r\000\355\000t\000i\000m\000o\000s\000\040\000d\000e\000\040\000B\000a\000n\000d\000a\000-\000X}{section.3}% 13
\BOOKMARK [2][-]{subsection.3.5}{\376\377\0003\000.\0005\000\040\000S\000e\000n\000s\000o\000r\000e\000s\000\040\000U\000l\000t\000r\000a\000s\000s\000\363\000n\000i\000c\000o\000s}{section.3}% 14
\BOOKMARK [2][-]{subsection.3.6}{\376\377\0003\000.\0006\000\040\000C\000\342\000m\000a\000r\000a\000s\000\040\000T\000e\000r\000m\000o\000g\000r\000\341\000f\000i\000c\000a\000s\000\040\000\050\000I\000R\000\051}{section.3}% 15
\BOOKMARK [2][-]{subsection.3.7}{\376\377\0003\000.\0007\000\040\000A\000l\000t\000\355\000m\000e\000t\000r\000o\000s}{section.3}% 16
\BOOKMARK [2][-]{subsection.3.8}{\376\377\0003\000.\0008\000\040\000S\000\355\000n\000t\000e\000s\000e\000\040\000e\000\040\000E\000s\000c\000o\000l\000h\000a\000\040\000d\000a\000s\000\040\000T\000\351\000c\000n\000i\000c\000a\000s\000\040\000d\000e\000\040\000P\000e\000r\000c\000e\000\347\000\343\000o}{section.3}% 17
\BOOKMARK [1][-]{section.4}{\376\377\0004\000\040\000M\000\351\000t\000o\000d\000o\000s\000\040\000d\000e\000\040\000F\000u\000s\000\343\000o\000\040\000M\000u\000l\000t\000i\000s\000s\000e\000n\000s\000o\000r\000i\000a\000l}{}% 18
\BOOKMARK [2][-]{subsection.4.1}{\376\377\0004\000.\0001\000\040\000F\000i\000l\000t\000r\000o\000\040\000d\000e\000\040\000K\000a\000l\000m\000a\000n}{section.4}% 19
\BOOKMARK [2][-]{subsection.4.2}{\376\377\0004\000.\0002\000\040\000F\000i\000l\000t\000r\000o\000\040\000C\000o\000m\000p\000l\000e\000m\000e\000n\000t\000a\000r}{section.4}% 20
\BOOKMARK [2][-]{subsection.4.3}{\376\377\0004\000.\0003\000\040\000R\000e\000d\000e\000s\000\040\000B\000a\000y\000e\000s\000i\000a\000n\000a\000s}{section.4}% 21
\BOOKMARK [2][-]{subsection.4.4}{\376\377\0004\000.\0004\000\040\000D\000e\000m\000p\000s\000t\000e\000r\000-\000S\000h\000a\000f\000e\000r\000\040\000R\000e\000a\000s\000o\000n\000i\000n\000g}{section.4}% 22
\BOOKMARK [2][-]{subsection.4.5}{\376\377\0004\000.\0005\000\040\000D\000e\000e\000p\000\040\000L\000e\000a\000r\000n\000i\000n\000g}{section.4}% 23
\BOOKMARK [1][-]{section.5}{\376\377\0005\000\040\000C\000o\000n\000c\000l\000u\000s\000\343\000o}{}% 24
